# JRE version: OpenJDK Runtime Environment (21.0.7) (build 21.0.7+-13880790-b1038.58)
# Java VM: OpenJDK 64-Bit Server VM (21.0.7+-13880790-b1038.58, mixed mode, tiered, compressed oops, compressed class ptrs, g1 gc, windows-amd64)
GC Precious Log:
 CardTable entry size: 512
 Card Set container configuration: InlinePtr #cards 5 size 8 Array Of Cards #cards 12 size 40 Howl #buckets 4 coarsen threshold 1843 Howl Bitmap #cards 512 size 80 coarsen threshold 460 Card regions per heap region 1 cards per card region 2048
 CPUs: 8 total, 8 available
 Memory: 8046M
 Large Page Support: Disabled
 NUMA Support: Disabled
 Compressed Oops: Enabled (32-bit)
 Heap Region Size: 1M
 Heap Min Capacity: 8M
 Heap Initial Capacity: 126M
 Heap Max Capacity: 2012M
 Pre-touch: Disabled
 Parallel Workers: 8
 Concurrent Workers: 2
 Concurrent Refinement Workers: 8
 Periodic GC: Disabled
Heap:
 garbage-first heap   total 266240K, used 220476K [0x0000000082400000, 0x0000000100000000)
  region size 1024K, 63 young (64512K), 7 survivors (7168K)
 Metaspace       used 71933K, committed 72768K, reserved 1114112K
  class space    used 7919K, committed 8320K, reserved 1048576K
GC Heap History (20 events):
Event: 40.043 GC heap before
{Heap before GC invocations=36 (full 0):
 garbage-first heap   total 196608K, used 162016K [0x0000000082400000, 0x0000000100000000)
  region size 1024K, 48 young (49152K), 4 survivors (4096K)
 Metaspace       used 70963K, committed 71680K, reserved 1114112K
  class space    used 7876K, committed 8256K, reserved 1048576K
}
Event: 40.053 GC heap after
{Heap after GC invocations=37 (full 0):
 garbage-first heap   total 196608K, used 119998K [0x0000000082400000, 0x0000000100000000)
  region size 1024K, 4 young (4096K), 4 survivors (4096K)
 Metaspace       used 70963K, committed 71680K, reserved 1114112K
  class space    used 7876K, committed 8256K, reserved 1048576K
}
Event: 42.331 GC heap before
{Heap before GC invocations=37 (full 0):
 garbage-first heap   total 196608K, used 179390K [0x0000000082400000, 0x0000000100000000)
  region size 1024K, 62 young (63488K), 4 survivors (4096K)
 Metaspace       used 71047K, committed 71808K, reserved 1114112K
  class space    used 7877K, committed 8256K, reserved 1048576K
}
Event: 42.345 GC heap after
{Heap after GC invocations=38 (full 0):
 garbage-first heap   total 196608K, used 123529K [0x0000000082400000, 0x0000000100000000)
  region size 1024K, 8 young (8192K), 8 survivors (8192K)
 Metaspace       used 71047K, committed 71808K, reserved 1114112K
  class space    used 7877K, committed 8256K, reserved 1048576K
}
Event: 44.128 GC heap before
{Heap before GC invocations=38 (full 0):
 garbage-first heap   total 196608K, used 176777K [0x0000000082400000, 0x0000000100000000)
  region size 1024K, 60 young (61440K), 8 survivors (8192K)
 Metaspace       used 71184K, committed 71936K, reserved 1114112K
  class space    used 7888K, committed 8256K, reserved 1048576K
}
Event: 44.150 GC heap after
{Heap after GC invocations=39 (full 0):
 garbage-first heap   total 196608K, used 128043K [0x0000000082400000, 0x0000000100000000)
  region size 1024K, 5 young (5120K), 5 survivors (5120K)
 Metaspace       used 71184K, committed 71936K, reserved 1114112K
  class space    used 7888K, committed 8256K, reserved 1048576K
}
Event: 46.556 GC heap before
{Heap before GC invocations=40 (full 0):
 garbage-first heap   total 215040K, used 179243K [0x0000000082400000, 0x0000000100000000)
  region size 1024K, 55 young (56320K), 5 survivors (5120K)
 Metaspace       used 71244K, committed 72000K, reserved 1114112K
  class space    used 7888K, committed 8256K, reserved 1048576K
}
Event: 46.567 GC heap after
{Heap after GC invocations=41 (full 0):
 garbage-first heap   total 215040K, used 131634K [0x0000000082400000, 0x0000000100000000)
  region size 1024K, 4 young (4096K), 4 survivors (4096K)
 Metaspace       used 71244K, committed 72000K, reserved 1114112K
  class space    used 7888K, committed 8256K, reserved 1048576K
}
Event: 49.227 GC heap before
{Heap before GC invocations=41 (full 0):
 garbage-first heap   total 215040K, used 199218K [0x0000000082400000, 0x0000000100000000)
  region size 1024K, 70 young (71680K), 4 survivors (4096K)
 Metaspace       used 71330K, committed 72064K, reserved 1114112K
  class space    used 7888K, committed 8256K, reserved 1048576K
}
Event: 49.238 GC heap after
{Heap after GC invocations=42 (full 0):
 garbage-first heap   total 215040K, used 135251K [0x0000000082400000, 0x0000000100000000)
  region size 1024K, 8 young (8192K), 8 survivors (8192K)
 Metaspace       used 71330K, committed 72064K, reserved 1114112K
  class space    used 7888K, committed 8256K, reserved 1048576K
}
Event: 50.798 GC heap before
{Heap before GC invocations=42 (full 0):
 garbage-first heap   total 215040K, used 194643K [0x0000000082400000, 0x0000000100000000)
  region size 1024K, 66 young (67584K), 8 survivors (8192K)
 Metaspace       used 71443K, committed 72192K, reserved 1114112K
  class space    used 7894K, committed 8256K, reserved 1048576K
}
Event: 50.814 GC heap after
{Heap after GC invocations=43 (full 0):
 garbage-first heap   total 215040K, used 140271K [0x0000000082400000, 0x0000000100000000)
  region size 1024K, 9 young (9216K), 9 survivors (9216K)
 Metaspace       used 71443K, committed 72192K, reserved 1114112K
  class space    used 7894K, committed 8256K, reserved 1048576K
}
Event: 52.626 GC heap before
{Heap before GC invocations=44 (full 0):
 garbage-first heap   total 234496K, used 193519K [0x0000000082400000, 0x0000000100000000)
  region size 1024K, 61 young (62464K), 9 survivors (9216K)
 Metaspace       used 71487K, committed 72192K, reserved 1114112K
  class space    used 7895K, committed 8256K, reserved 1048576K
}
Event: 52.641 GC heap after
{Heap after GC invocations=45 (full 0):
 garbage-first heap   total 234496K, used 144638K [0x0000000082400000, 0x0000000100000000)
  region size 1024K, 5 young (5120K), 5 survivors (5120K)
 Metaspace       used 71487K, committed 72192K, reserved 1114112K
  class space    used 7895K, committed 8256K, reserved 1048576K
}
Event: 57.204 GC heap before
{Heap before GC invocations=45 (full 0):
 garbage-first heap   total 234496K, used 216318K [0x0000000082400000, 0x0000000100000000)
  region size 1024K, 75 young (76800K), 5 survivors (5120K)
 Metaspace       used 71564K, committed 72256K, reserved 1114112K
  class space    used 7897K, committed 8256K, reserved 1048576K
}
Event: 57.226 GC heap after
{Heap after GC invocations=46 (full 0):
 garbage-first heap   total 234496K, used 148280K [0x0000000082400000, 0x0000000100000000)
  region size 1024K, 9 young (9216K), 9 survivors (9216K)
 Metaspace       used 71564K, committed 72256K, reserved 1114112K
  class space    used 7897K, committed 8256K, reserved 1048576K
}
Event: 58.489 GC heap before
{Heap before GC invocations=46 (full 0):
 garbage-first heap   total 234496K, used 170808K [0x0000000082400000, 0x0000000100000000)
  region size 1024K, 32 young (32768K), 9 survivors (9216K)
 Metaspace       used 71599K, committed 72320K, reserved 1114112K
  class space    used 7897K, committed 8256K, reserved 1048576K
}
Event: 58.507 GC heap after
{Heap after GC invocations=47 (full 0):
 garbage-first heap   total 234496K, used 149505K [0x0000000082400000, 0x0000000100000000)
  region size 1024K, 7 young (7168K), 7 survivors (7168K)
 Metaspace       used 71599K, committed 72320K, reserved 1114112K
  class space    used 7897K, committed 8256K, reserved 1048576K
}
Event: 60.645 GC heap before
{Heap before GC invocations=48 (full 0):
 garbage-first heap   total 266240K, used 222209K [0x0000000082400000, 0x0000000100000000)
  region size 1024K, 69 young (70656K), 7 survivors (7168K)
 Metaspace       used 71761K, committed 72576K, reserved 1114112K
  class space    used 7901K, committed 8320K, reserved 1048576K
}
Event: 60.668 GC heap after
{Heap after GC invocations=49 (full 0):
 garbage-first heap   total 266240K, used 164156K [0x0000000082400000, 0x0000000100000000)
  region size 1024K, 7 young (7168K), 7 survivors (7168K)
 Metaspace       used 71761K, committed 72576K, reserved 1114112K
  class space    used 7901K, committed 8320K, reserved 1048576K
}

