# JRE version: OpenJDK Runtime Environment (21.0.7) (build 21.0.7+-13880790-b1038.58)
# Java VM: OpenJDK 64-Bit Server VM (21.0.7+-13880790-b1038.58, mixed mode, tiered, compressed oops, compressed class ptrs, g1 gc, windows-amd64)
GC Precious Log:
 CardTable entry size: 512
 Card Set container configuration: InlinePtr #cards 5 size 8 Array Of Cards #cards 12 size 40 Howl #buckets 4 coarsen threshold 1843 Howl Bitmap #cards 512 size 80 coarsen threshold 460 Card regions per heap region 1 cards per card region 2048
 CPUs: 8 total, 8 available
 Memory: 8046M
 Large Page Support: Disabled
 NUMA Support: Disabled
 Compressed Oops: Enabled (32-bit)
 Heap Region Size: 1M
 Heap Min Capacity: 8M
 Heap Initial Capacity: 126M
 Heap Max Capacity: 1G
 Pre-touch: Disabled
 Parallel Workers: 8
 Concurrent Workers: 2
 Concurrent Refinement Workers: 8
 Periodic GC: Disabled
Heap:
 garbage-first heap   total 417792K, used 300567K [0x00000000c0000000, 0x0000000100000000)
  region size 1024K, 33 young (33792K), 5 survivors (5120K)
 Metaspace       used 164240K, committed 166656K, reserved 1245184K
  class space    used 22362K, committed 23552K, reserved 1048576K
GC Heap History (20 events):
Event: 428.841 GC heap before
{Heap before GC invocations=94 (full 0):
 garbage-first heap   total 409600K, used 380401K [0x00000000c0000000, 0x0000000100000000)
  region size 1024K, 158 young (161792K), 7 survivors (7168K)
 Metaspace       used 155632K, committed 158144K, reserved 1245184K
  class space    used 21278K, committed 22528K, reserved 1048576K
}
Event: 428.848 GC heap after
{Heap after GC invocations=95 (full 0):
 garbage-first heap   total 409600K, used 226905K [0x00000000c0000000, 0x0000000100000000)
  region size 1024K, 7 young (7168K), 7 survivors (7168K)
 Metaspace       used 155632K, committed 158144K, reserved 1245184K
  class space    used 21278K, committed 22528K, reserved 1048576K
}
Event: 429.297 GC heap before
{Heap before GC invocations=95 (full 0):
 garbage-first heap   total 409600K, used 380505K [0x00000000c0000000, 0x0000000100000000)
  region size 1024K, 158 young (161792K), 7 survivors (7168K)
 Metaspace       used 155774K, committed 158208K, reserved 1245184K
  class space    used 21304K, committed 22528K, reserved 1048576K
}
Event: 429.306 GC heap after
{Heap after GC invocations=96 (full 0):
 garbage-first heap   total 409600K, used 226304K [0x00000000c0000000, 0x0000000100000000)
  region size 1024K, 6 young (6144K), 6 survivors (6144K)
 Metaspace       used 155774K, committed 158208K, reserved 1245184K
  class space    used 21304K, committed 22528K, reserved 1048576K
}
Event: 430.223 GC heap before
{Heap before GC invocations=97 (full 0):
 garbage-first heap   total 409600K, used 382976K [0x00000000c0000000, 0x0000000100000000)
  region size 1024K, 159 young (162816K), 6 survivors (6144K)
 Metaspace       used 157898K, committed 160384K, reserved 1245184K
  class space    used 21655K, committed 22912K, reserved 1048576K
}
Event: 430.259 GC heap after
{Heap after GC invocations=98 (full 0):
 garbage-first heap   total 411648K, used 248282K [0x00000000c0000000, 0x0000000100000000)
  region size 1024K, 20 young (20480K), 20 survivors (20480K)
 Metaspace       used 157898K, committed 160384K, reserved 1245184K
  class space    used 21655K, committed 22912K, reserved 1048576K
}
Event: 430.823 GC heap before
{Heap before GC invocations=98 (full 0):
 garbage-first heap   total 411648K, used 368090K [0x00000000c0000000, 0x0000000100000000)
  region size 1024K, 138 young (141312K), 20 survivors (20480K)
 Metaspace       used 158154K, committed 160640K, reserved 1245184K
  class space    used 21666K, committed 22912K, reserved 1048576K
}
Event: 430.846 GC heap after
{Heap after GC invocations=99 (full 0):
 garbage-first heap   total 411648K, used 241920K [0x00000000c0000000, 0x0000000100000000)
  region size 1024K, 4 young (4096K), 4 survivors (4096K)
 Metaspace       used 158154K, committed 160640K, reserved 1245184K
  class space    used 21666K, committed 22912K, reserved 1048576K
}
Event: 431.519 GC heap before
{Heap before GC invocations=99 (full 0):
 garbage-first heap   total 411648K, used 384256K [0x00000000c0000000, 0x0000000100000000)
  region size 1024K, 144 young (147456K), 4 survivors (4096K)
 Metaspace       used 158205K, committed 160704K, reserved 1245184K
  class space    used 21666K, committed 22912K, reserved 1048576K
}
Event: 431.523 GC heap after
{Heap after GC invocations=100 (full 0):
 garbage-first heap   total 411648K, used 241408K [0x00000000c0000000, 0x0000000100000000)
  region size 1024K, 3 young (3072K), 3 survivors (3072K)
 Metaspace       used 158205K, committed 160704K, reserved 1245184K
  class space    used 21666K, committed 22912K, reserved 1048576K
}
Event: 433.311 GC heap before
{Heap before GC invocations=101 (full 0):
 garbage-first heap   total 411648K, used 383744K [0x00000000c0000000, 0x0000000100000000)
  region size 1024K, 145 young (148480K), 3 survivors (3072K)
 Metaspace       used 158475K, committed 160896K, reserved 1245184K
  class space    used 21700K, committed 22912K, reserved 1048576K
}
Event: 433.347 GC heap after
{Heap after GC invocations=102 (full 0):
 garbage-first heap   total 411648K, used 238900K [0x00000000c0000000, 0x0000000100000000)
  region size 1024K, 3 young (3072K), 3 survivors (3072K)
 Metaspace       used 158475K, committed 160896K, reserved 1245184K
  class space    used 21700K, committed 22912K, reserved 1048576K
}
Event: 435.704 GC heap before
{Heap before GC invocations=102 (full 0):
 garbage-first heap   total 411648K, used 385332K [0x00000000c0000000, 0x0000000100000000)
  region size 1024K, 147 young (150528K), 3 survivors (3072K)
 Metaspace       used 159728K, committed 162240K, reserved 1245184K
  class space    used 21870K, committed 23104K, reserved 1048576K
}
Event: 435.896 GC heap after
{Heap after GC invocations=103 (full 0):
 garbage-first heap   total 417792K, used 231323K [0x00000000c0000000, 0x0000000100000000)
  region size 1024K, 19 young (19456K), 19 survivors (19456K)
 Metaspace       used 159728K, committed 162240K, reserved 1245184K
  class space    used 21870K, committed 23104K, reserved 1048576K
}
Event: 435.980 GC heap before
{Heap before GC invocations=103 (full 0):
 garbage-first heap   total 417792K, used 238491K [0x00000000c0000000, 0x0000000100000000)
  region size 1024K, 27 young (27648K), 19 survivors (19456K)
 Metaspace       used 159739K, committed 162240K, reserved 1245184K
  class space    used 21874K, committed 23104K, reserved 1048576K
}
Event: 436.030 GC heap after
{Heap after GC invocations=104 (full 0):
 garbage-first heap   total 417792K, used 234848K [0x00000000c0000000, 0x0000000100000000)
  region size 1024K, 3 young (3072K), 3 survivors (3072K)
 Metaspace       used 159739K, committed 162240K, reserved 1245184K
  class space    used 21874K, committed 23104K, reserved 1048576K
}
Event: 438.616 GC heap before
{Heap before GC invocations=105 (full 0):
 garbage-first heap   total 417792K, used 372064K [0x00000000c0000000, 0x0000000100000000)
  region size 1024K, 136 young (139264K), 3 survivors (3072K)
 Metaspace       used 162806K, committed 165248K, reserved 1245184K
  class space    used 22185K, committed 23424K, reserved 1048576K
}
Event: 438.633 GC heap after
{Heap after GC invocations=106 (full 0):
 garbage-first heap   total 417792K, used 237373K [0x00000000c0000000, 0x0000000100000000)
  region size 1024K, 6 young (6144K), 6 survivors (6144K)
 Metaspace       used 162806K, committed 165248K, reserved 1245184K
  class space    used 22185K, committed 23424K, reserved 1048576K
}
Event: 440.989 GC heap before
{Heap before GC invocations=106 (full 0):
 garbage-first heap   total 417792K, used 376637K [0x00000000c0000000, 0x0000000100000000)
  region size 1024K, 143 young (146432K), 6 survivors (6144K)
 Metaspace       used 163662K, committed 166080K, reserved 1245184K
  class space    used 22279K, committed 23488K, reserved 1048576K
}
Event: 441.095 GC heap after
{Heap after GC invocations=107 (full 0):
 garbage-first heap   total 417792K, used 208407K [0x00000000c0000000, 0x0000000100000000)
  region size 1024K, 5 young (5120K), 5 survivors (5120K)
 Metaspace       used 163662K, committed 166080K, reserved 1245184K
  class space    used 22279K, committed 23488K, reserved 1048576K
}

