# JRE version: OpenJDK Runtime Environment (21.0.7) (build 21.0.7+-13880790-b1038.58)
# Java VM: OpenJDK 64-Bit Server VM (21.0.7+-13880790-b1038.58, mixed mode, tiered, compressed oops, compressed class ptrs, g1 gc, windows-amd64)
GC Precious Log:
 CardTable entry size: 512
 Card Set container configuration: InlinePtr #cards 5 size 8 Array Of Cards #cards 12 size 40 Howl #buckets 4 coarsen threshold 1843 Howl Bitmap #cards 512 size 80 coarsen threshold 460 Card regions per heap region 1 cards per card region 2048
 CPUs: 8 total, 8 available
 Memory: 8046M
 Large Page Support: Disabled
 NUMA Support: Disabled
 Compressed Oops: Enabled (32-bit)
 Heap Region Size: 1M
 Heap Min Capacity: 8M
 Heap Initial Capacity: 126M
 Heap Max Capacity: 2012M
 Pre-touch: Disabled
 Parallel Workers: 8
 Concurrent Workers: 2
 Concurrent Refinement Workers: 8
 Periodic GC: Disabled
Heap:
 garbage-first heap   total 169984K, used 128432K [0x0000000082400000, 0x0000000100000000)
  region size 1024K, 54 young (55296K), 4 survivors (4096K)
 Metaspace       used 66235K, committed 67008K, reserved 1114112K
  class space    used 7547K, committed 7936K, reserved 1048576K
GC Heap History (20 events):
Event: 6.374 GC heap before
{Heap before GC invocations=15 (full 0):
 garbage-first heap   total 72704K, used 63397K [0x0000000082400000, 0x0000000100000000)
  region size 1024K, 25 young (25600K), 4 survivors (4096K)
 Metaspace       used 55060K, committed 55808K, reserved 1114112K
  class space    used 6515K, committed 6912K, reserved 1048576K
}
Event: 6.390 GC heap after
{Heap after GC invocations=16 (full 0):
 garbage-first heap   total 72704K, used 44658K [0x0000000082400000, 0x0000000100000000)
  region size 1024K, 3 young (3072K), 3 survivors (3072K)
 Metaspace       used 55060K, committed 55808K, reserved 1114112K
  class space    used 6515K, committed 6912K, reserved 1048576K
}
Event: 6.745 GC heap before
{Heap before GC invocations=17 (full 0):
 garbage-first heap   total 75776K, used 66162K [0x0000000082400000, 0x0000000100000000)
  region size 1024K, 22 young (22528K), 3 survivors (3072K)
 Metaspace       used 55317K, committed 56064K, reserved 1114112K
  class space    used 6538K, committed 6912K, reserved 1048576K
}
Event: 6.754 GC heap after
{Heap after GC invocations=18 (full 0):
 garbage-first heap   total 75776K, used 48919K [0x0000000082400000, 0x0000000100000000)
  region size 1024K, 3 young (3072K), 3 survivors (3072K)
 Metaspace       used 55317K, committed 56064K, reserved 1114112K
  class space    used 6538K, committed 6912K, reserved 1048576K
}
Event: 6.875 GC heap before
{Heap before GC invocations=18 (full 0):
 garbage-first heap   total 75776K, used 66327K [0x0000000082400000, 0x0000000100000000)
  region size 1024K, 20 young (20480K), 3 survivors (3072K)
 Metaspace       used 55317K, committed 56064K, reserved 1114112K
  class space    used 6538K, committed 6912K, reserved 1048576K
}
Event: 6.881 GC heap after
{Heap after GC invocations=19 (full 0):
 garbage-first heap   total 75776K, used 49529K [0x0000000082400000, 0x0000000100000000)
  region size 1024K, 2 young (2048K), 2 survivors (2048K)
 Metaspace       used 55317K, committed 56064K, reserved 1114112K
  class space    used 6538K, committed 6912K, reserved 1048576K
}
Event: 7.017 GC heap before
{Heap before GC invocations=19 (full 0):
 garbage-first heap   total 75776K, used 67961K [0x0000000082400000, 0x0000000100000000)
  region size 1024K, 20 young (20480K), 2 survivors (2048K)
 Metaspace       used 55317K, committed 56064K, reserved 1114112K
  class space    used 6538K, committed 6912K, reserved 1048576K
}
Event: 7.021 GC heap after
{Heap after GC invocations=20 (full 0):
 garbage-first heap   total 103424K, used 51200K [0x0000000082400000, 0x0000000100000000)
  region size 1024K, 3 young (3072K), 3 survivors (3072K)
 Metaspace       used 55317K, committed 56064K, reserved 1114112K
  class space    used 6538K, committed 6912K, reserved 1048576K
}
Event: 7.192 GC heap before
{Heap before GC invocations=21 (full 0):
 garbage-first heap   total 103424K, used 90112K [0x0000000082400000, 0x0000000100000000)
  region size 1024K, 41 young (41984K), 3 survivors (3072K)
 Metaspace       used 55381K, committed 56128K, reserved 1114112K
  class space    used 6538K, committed 6912K, reserved 1048576K
}
Event: 7.201 GC heap after
{Heap after GC invocations=22 (full 0):
 garbage-first heap   total 103424K, used 55521K [0x0000000082400000, 0x0000000100000000)
  region size 1024K, 6 young (6144K), 6 survivors (6144K)
 Metaspace       used 55381K, committed 56128K, reserved 1114112K
  class space    used 6538K, committed 6912K, reserved 1048576K
}
Event: 7.754 GC heap before
{Heap before GC invocations=22 (full 0):
 garbage-first heap   total 103424K, used 90337K [0x0000000082400000, 0x0000000100000000)
  region size 1024K, 40 young (40960K), 6 survivors (6144K)
 Metaspace       used 55887K, committed 56640K, reserved 1114112K
  class space    used 6569K, committed 6976K, reserved 1048576K
}
Event: 7.777 GC heap after
{Heap after GC invocations=23 (full 0):
 garbage-first heap   total 103424K, used 60214K [0x0000000082400000, 0x0000000100000000)
  region size 1024K, 5 young (5120K), 5 survivors (5120K)
 Metaspace       used 55887K, committed 56640K, reserved 1114112K
  class space    used 6569K, committed 6976K, reserved 1048576K
}
Event: 8.237 GC heap before
{Heap before GC invocations=23 (full 0):
 garbage-first heap   total 103424K, used 85814K [0x0000000082400000, 0x0000000100000000)
  region size 1024K, 31 young (31744K), 5 survivors (5120K)
 Metaspace       used 57227K, committed 57984K, reserved 1114112K
  class space    used 6722K, committed 7104K, reserved 1048576K
}
Event: 8.253 GC heap after
{Heap after GC invocations=24 (full 0):
 garbage-first heap   total 103424K, used 64468K [0x0000000082400000, 0x0000000100000000)
  region size 1024K, 4 young (4096K), 4 survivors (4096K)
 Metaspace       used 57227K, committed 57984K, reserved 1114112K
  class space    used 6722K, committed 7104K, reserved 1048576K
}
Event: 9.230 GC heap before
{Heap before GC invocations=25 (full 0):
 garbage-first heap   total 111616K, used 94164K [0x0000000082400000, 0x0000000100000000)
  region size 1024K, 31 young (31744K), 4 survivors (4096K)
 Metaspace       used 60299K, committed 61056K, reserved 1114112K
  class space    used 7067K, committed 7424K, reserved 1048576K
}
Event: 9.244 GC heap after
{Heap after GC invocations=26 (full 0):
 garbage-first heap   total 111616K, used 70039K [0x0000000082400000, 0x0000000100000000)
  region size 1024K, 4 young (4096K), 4 survivors (4096K)
 Metaspace       used 60299K, committed 61056K, reserved 1114112K
  class space    used 7067K, committed 7424K, reserved 1048576K
}
Event: 10.099 GC heap before
{Heap before GC invocations=26 (full 0):
 garbage-first heap   total 111616K, used 99735K [0x0000000082400000, 0x0000000100000000)
  region size 1024K, 33 young (33792K), 4 survivors (4096K)
 Metaspace       used 61625K, committed 62400K, reserved 1114112K
  class space    used 7142K, committed 7552K, reserved 1048576K
}
Event: 10.127 GC heap after
{Heap after GC invocations=27 (full 0):
 garbage-first heap   total 111616K, used 75562K [0x0000000082400000, 0x0000000100000000)
  region size 1024K, 5 young (5120K), 5 survivors (5120K)
 Metaspace       used 61625K, committed 62400K, reserved 1114112K
  class space    used 7142K, committed 7552K, reserved 1048576K
}
Event: 10.775 GC heap before
{Heap before GC invocations=27 (full 0):
 garbage-first heap   total 111616K, used 100138K [0x0000000082400000, 0x0000000100000000)
  region size 1024K, 29 young (29696K), 5 survivors (5120K)
 Metaspace       used 63383K, committed 64192K, reserved 1114112K
  class space    used 7357K, committed 7744K, reserved 1048576K
}
Event: 10.792 GC heap after
{Heap after GC invocations=28 (full 0):
 garbage-first heap   total 169984K, used 79280K [0x0000000082400000, 0x0000000100000000)
  region size 1024K, 4 young (4096K), 4 survivors (4096K)
 Metaspace       used 63383K, committed 64192K, reserved 1114112K
  class space    used 7357K, committed 7744K, reserved 1048576K
}

